    1  2025-03-09 16:45:14 clear
    2  2025-03-09 16:45:36 git checkout BR_Q2
    3  2025-03-09 16:45:50 git checkout -b BR_Q2
    4  2025-03-09 16:47:11 tree .
    5  2025-03-09 16:48:08 cp DOWNLOADS/LINUX_COURSE_WORK-downloads/plant.py Work/Q2/
    6  2025-03-09 16:48:11 tree .
    7  2025-03-09 16:48:13 clear
    8  2025-03-09 16:48:37 cat Work/Q2/plant.py 
    9  2025-03-09 16:49:02 python Work/Q2/plant.py 
   10  2025-03-09 16:49:40 tree .
   11  2025-03-09 16:50:50 mkdir Work/Q2/Diagram_1
   12  2025-03-09 16:51:23 cp Rose_histogram.png Work/Q2/Diagram_1/
   13  2025-03-09 16:51:39 cp Rose_line_plot.png Work/Q2/Diagram_1/
   14  2025-03-09 16:51:55 cp Rose_scatter.png Work/Q2/Diagram_1/
   15  2025-03-09 16:52:06 rm Rose_histogram.png 
   16  2025-03-09 16:52:12 rm Rose_line_plot.png 
   17  2025-03-09 16:52:16 rm Rose_scatter.png 
   18  2025-03-09 16:52:18 clear
   19  2025-03-09 16:52:21 tree .
   20  2025-03-09 16:56:06 tar -czvf BACKUPS/Diagrams_1_$(date +%Y%m%d_%H%M%S).tar.gz Work/Q2/Diagram_1
   21  2025-03-09 16:56:17 clear
   22  2025-03-09 16:56:22 tree . 
   23  2025-03-09 16:56:44 clear
   24  2025-03-09 16:58:32 git add .
   25  2025-03-09 16:58:54 git commit "q2 part 1"
   26  2025-03-09 16:59:18 git commit -m "q2 part 1"
   27  2025-03-09 16:59:45 git chechout main
   28  2025-03-09 17:00:04 git checkout main
   29  2025-03-09 17:00:14 git merge BR_Q2
   30  2025-03-09 17:00:34 git log >> git_commits.log
   31  2025-03-09 17:00:48 git push -u origin main
   32  2025-03-09 17:01:09 git push origin BR_Q2
   33  2025-03-09 17:01:21 clear
   34  2025-03-09 17:03:32 touch Work/Q2/plant_plots.py
   35  2025-03-09 17:03:53 nano Work/Q2/plant_plots.py 
   36  2025-03-09 17:05:28 touch Work/Q2/requirements.txt
   37  2025-03-09 17:06:20 echo "matplotlib" >> Work/Q2/requirements.txt 
   38  2025-03-09 17:06:40 echo "argparse" >> Work/Q2/requirements.txt 
   39  2025-03-09 17:06:44 clear
   40  2025-03-09 17:07:56 pip intall -r Work/Q2/requirments.txt
   41  2025-03-09 17:08:03 pip install -r Work/Q2/requirments.txt
   42  2025-03-09 17:08:25 python -m pip install --upgrade pip
   43  2025-03-09 17:08:39 pip install -r Work/Q2/requirments.txt
   44  2025-03-09 17:08:54 clear
   45  2025-03-09 17:09:52 pip install -r Work/Q2/requirements.txt
   46  2025-03-09 17:10:01 clear
   47  2025-03-09 17:10:22 mkdir Diagram_2
   48  2025-03-09 17:10:55 python plant_plots.py --plant "Rose" --height 50 55 60 65 70 --leaf_count 35 40 45 50 55 --dry_weight 2.0 2.2 2.5 2.7 3.0
   49  2025-03-09 17:11:17 python Work/Q2/plant_plots.py --plant "Rose" --height 50 55 60 65 70 --leaf_count 35 40 45 50 55 --dry_weight 2.0 2.2 2.5 2.7 3.0
   50  2025-03-09 17:11:28 tree . 
   51  2025-03-09 17:11:55 mkdir Work/Q2/Diagram_2
   52  2025-03-09 17:12:18 cp Rose_plot.png Work/Q2/Diagram_2/
   53  2025-03-09 17:12:23 clear
   54  2025-03-09 17:12:26 tree . 
   55  2025-03-09 17:12:45 tar -czvf BACKUPS/Diagrams_2_$(date +%Y%m%d_%H%M%S).tar.gz Work/Q2/Diagram_2
   56  2025-03-09 17:12:50 clear
   57  2025-03-09 17:13:28 history > Work/Q2/history.log
