commit d638c6da48a8a1e86647dee1d1edfa1fee64e1a5
Author: May Lindenberg <65390530+CheesiePy@users.noreply.github.com>
Date:   Sun Mar 9 14:34:29 2025 +0200

    project structure and downloaded files
commit 114722ce4a639b6c8d9901da8349495657591f9d
Author: May Lindenberg <65390530+CheesiePy@users.noreply.github.com>
Date:   Sun Mar 9 16:59:18 2025 +0200

    q2 part 1

commit 3e6658f676e8a74788f4c35099069be79d7bd310
Author: May Lindenberg <65390530+CheesiePy@users.noreply.github.com>
Date:   Sun Mar 9 16:44:39 2025 +0200

    add q1 history log

commit d5929b91ad8f5423508da6a27fd0146383330639
Author: May Lindenberg <65390530+CheesiePy@users.noreply.github.com>
Date:   Sun Mar 9 16:19:01 2025 +0200

    project stucture and downloaded files

commit d638c6da48a8a1e86647dee1d1edfa1fee64e1a5
Author: May Lindenberg <65390530+CheesiePy@users.noreply.github.com>
Date:   Sun Mar 9 14:34:29 2025 +0200

    project structure and downloaded files
