CSV processing started at: Sat Mar 15 05:11:24 PM IST 2025
Processing plant: Rose
Plant: Rose
Heights: [50.0, 55.0, 60.0, 65.0, 70.0]
Leaf counts: [35, 40, 45, 50, 55]
Dry weights: [2.0, 2.2, 2.5, 2.7, 3.0]
Diagram saved as Rose_plot.png
Successfully processed Rose
Processing plant: Tulip
Plant: Tulip
Heights: [30.0, 35.0, 40.0, 42.0]
Leaf counts: [12, 15, 18, 20]
Dry weights: [1.5, 1.6, 1.7, 1.8]
Diagram saved as Tulip_plot.png
Successfully processed Tulip
Processing plant: Sunflower
Plant: Sunflower
Heights: [120.0, 125.0, 130.0, 135.0]
Leaf counts: [50, 55, 60, 65]
Dry weights: [5.0, 5.5, 6.0, 6.5]
Diagram saved as Sunflower_plot.png
Successfully processed Sunflower
Processing plant: Daffodil
Plant: Daffodil
Heights: [40.0, 45.0, 50.0, 55.0]
Leaf counts: [15, 18, 20, 22]
Dry weights: [1.8, 2.0, 2.2, 2.5]
Diagram saved as Daffodil_plot.png
Successfully processed Daffodil
Processing plant: Lily
Plant: Lily
Heights: [60.0, 65.0, 70.0]
Leaf counts: [20, 22, 24]
Dry weights: [2.5, 2.7, 3.0]
Diagram saved as Lily_plot.png
Successfully processed Lily
CSV processing completed at: Sat Mar 15 05:11:28 PM IST 2025
